<?xml version="1.0" encoding="UTF-8"?>
<testng-results ignored="0" total="1" passed="1" failed="0" skipped="0">
  <reporter-output>
  </reporter-output>
  <suite started-at="2026-01-30T20:11:48 IST" name="Default suite" finished-at="2026-01-30T20:11:58 IST" duration-ms="9548">
    <groups>
    </groups>
    <test started-at="2026-01-30T20:11:48 IST" name="Default test" finished-at="2026-01-30T20:11:58 IST" duration-ms="9548">
      <class name="com.test.Test1">
        <test-method signature="OpenBrowser()[pri:0, instance:com.test.Test1@7cc0cdad]" started-at="2026-01-30T20:11:48 IST" name="OpenBrowser" finished-at="2026-01-30T20:11:58 IST" duration-ms="9461" status="PASS">
          <reporter-output>
          </reporter-output>
        </test-method> <!-- OpenBrowser -->
      </class> <!-- com.test.Test1 -->
    </test> <!-- Default test -->
  </suite> <!-- Default suite -->
</testng-results>
