<?xml version="1.0" encoding="UTF-8"?>
<testng-results ignored="0" total="1" passed="1" failed="0" skipped="0">
  <reporter-output>
  </reporter-output>
  <suite started-at="2026-02-05T20:07:32 IST" name="Default suite" finished-at="2026-02-05T20:07:39 IST" duration-ms="7089">
    <groups>
    </groups>
    <test started-at="2026-02-05T20:07:32 IST" name="Default test" finished-at="2026-02-05T20:07:39 IST" duration-ms="7089">
      <class name="com.test.RegisterAndDeleteAccount">
        <test-method is-config="true" signature="setUp()[pri:0, instance:com.test.RegisterAndDeleteAccount@2d1ef81a]" started-at="2026-02-05T20:07:32 IST" name="setUp" finished-at="2026-02-05T20:07:35 IST" duration-ms="2980" status="PASS">
          <reporter-output>
          </reporter-output>
        </test-method> <!-- setUp -->
        <test-method signature="SignUpAndDeleteAccount()[pri:0, instance:com.test.RegisterAndDeleteAccount@2d1ef81a]" started-at="2026-02-05T20:07:35 IST" name="SignUpAndDeleteAccount" finished-at="2026-02-05T20:07:38 IST" duration-ms="3713" status="PASS">
          <reporter-output>
          </reporter-output>
        </test-method> <!-- SignUpAndDeleteAccount -->
        <test-method is-config="true" signature="CleanUp()[pri:0, instance:com.test.RegisterAndDeleteAccount@2d1ef81a]" started-at="2026-02-05T20:07:38 IST" name="CleanUp" finished-at="2026-02-05T20:07:39 IST" duration-ms="335" status="PASS">
          <reporter-output>
          </reporter-output>
        </test-method> <!-- CleanUp -->
      </class> <!-- com.test.RegisterAndDeleteAccount -->
    </test> <!-- Default test -->
  </suite> <!-- Default suite -->
</testng-results>
